<?xml version="1.0" encoding="UTF-8"?>
<!-- Generated by org.testng.reporters.JUnitXMLReporter -->
<testsuite ignored="3" hostname="DESKTOP-BO6M1Q7" failures="0" tests="1" name="chrometest" time="18.946" errors="0" timestamp="2025-03-28T10:49:23 IST">
  <testcase classname="testscript.LoginPageTest" name="verifycorrectusernamecorrectpassword" time="1.451"/>
  <testcase classname="testscript.LoginPageTest" name="verifyincorrectusernamecorrectpassword" time="0.0">
    <ignored/>
  </testcase> <!-- verifyincorrectusernamecorrectpassword -->
  <testcase classname="testscript.LoginPageTest" name="verifycorrectusernameincorrectpassword" time="0.0">
    <ignored/>
  </testcase> <!-- verifycorrectusernameincorrectpassword -->
  <testcase classname="testscript.LoginPageTest" name="incorrectusernameincorrectpassword" time="0.0">
    <ignored/>
  </testcase> <!-- incorrectusernameincorrectpassword -->
</testsuite> <!-- chrometest -->
