<?xml version="1.0" encoding="UTF-8"?>
<!-- Generated by org.testng.reporters.JUnitXMLReporter -->
<testsuite ignored="0" hostname="DESKTOP-BO6M1Q7" failures="0" tests="2" name="edgetest" time="14.248" errors="0" timestamp="2025-03-30T12:27:43 IST">
  <testcase classname="testscript.SubCategoryPageTest" name="verifyIfUserCanAddSubCategory" time="3.658"/>
  <testcase classname="testscript.SubCategoryPageTest" name="verifyIfUserCanCancelSubCategoryDetails" time="2.613"/>
</testsuite> <!-- edgetest -->
