<?xml version="1.0" encoding="UTF-8"?>
<!-- Generated by org.testng.reporters.JUnitXMLReporter -->
<testsuite ignored="0" hostname="DESKTOP-BO6M1Q7" failures="2" tests="4" name="chrometest" time="39.68" errors="0" timestamp="2025-03-28T11:22:09 IST">
  <testcase classname="testscript.AddCategoryPageTest" name="verifyIfUserCanAddCategory" time="2.209">
    <failure type="org.apache.poi.openxml4j.exceptions.NotOfficeXmlFileException" message="No valid entries or contents found, this is not a valid OOXML (Office Open XML) file">
      <![CDATA[org.apache.poi.openxml4j.exceptions.NotOfficeXmlFileException: No valid entries or contents found, this is not a valid OOXML (Office Open XML) file
at org.apache.poi.openxml4j.util.ZipArchiveThresholdInputStream.getNextEntry(ZipArchiveThresholdInputStream.java:156)
at org.apache.poi.openxml4j.util.ZipInputStreamZipEntrySource.<init>(ZipInputStreamZipEntrySource.java:94)
at org.apache.poi.openxml4j.opc.ZipPackage.<init>(ZipPackage.java:132)
at org.apache.poi.openxml4j.opc.OPCPackage.open(OPCPackage.java:319)
at org.apache.poi.ooxml.util.PackageHelper.open(PackageHelper.java:59)
at org.apache.poi.xssf.usermodel.XSSFWorkbook.<init>(XSSFWorkbook.java:290)
at org.apache.poi.xssf.usermodel.XSSFWorkbook.<init>(XSSFWorkbook.java:286)
at utilities.ExcelUtilities.getStringData(ExcelUtilities.java:22)
at testscript.AddCategoryPageTest.verifyIfUserCanAddCategory(AddCategoryPageTest.java:25)
at java.base/java.util.concurrent.Executors$RunnableAdapter.call(Executors.java:572)
at java.base/java.util.concurrent.FutureTask.run(FutureTask.java:317)
at java.base/java.util.concurrent.ThreadPoolExecutor.runWorker(ThreadPoolExecutor.java:1144)
at java.base/java.util.concurrent.ThreadPoolExecutor$Worker.run(ThreadPoolExecutor.java:642)
at java.base/java.lang.Thread.run(Thread.java:1575)
Caused by: java.util.zip.ZipException: Unexpected record signature: 0X0
at org.apache.commons.compress.archivers.zip.ZipArchiveInputStream.getNextZipEntry(ZipArchiveInputStream.java:296)
at org.apache.poi.openxml4j.util.ZipArchiveThresholdInputStream.getNextEntry(ZipArchiveThresholdInputStream.java:152)
... 24 more
... Removed 11 stack frames]]>
    </failure>
  </testcase> <!-- verifyIfUserCanAddCategory -->
  <testcase classname="testscript.SearchPageTest" name="verifyIfUserIsableToSearch" time="1.575">
    <failure type="java.io.IOException" message="Stream Closed">
      <![CDATA[java.io.IOException: Stream Closed
at java.base/java.io.FileInputStream.available0(Native Method)
at java.base/java.io.FileInputStream.available(FileInputStream.java:494)
at java.base/java.io.BufferedInputStream.implRead(BufferedInputStream.java:428)
at java.base/java.io.BufferedInputStream.read(BufferedInputStream.java:399)
at java.base/java.io.FilterInputStream.read(FilterInputStream.java:119)
at java.base/java.io.PushbackInputStream.read(PushbackInputStream.java:197)
at org.apache.commons.compress.utils.IOUtils.copyRange(IOUtils.java:330)
at org.apache.commons.compress.utils.IOUtils.copyRange(IOUtils.java:301)
at org.apache.commons.compress.utils.IOUtils.readRange(IOUtils.java:350)
at org.apache.commons.compress.archivers.zip.ZipArchiveInputStream.readRange(ZipArchiveInputStream.java:884)
at org.apache.commons.compress.archivers.zip.ZipArchiveInputStream.getNextZipEntry(ZipArchiveInputStream.java:348)
at org.apache.poi.openxml4j.util.ZipArchiveThresholdInputStream.getNextEntry(ZipArchiveThresholdInputStream.java:152)
at org.apache.poi.openxml4j.util.ZipInputStreamZipEntrySource.<init>(ZipInputStreamZipEntrySource.java:94)
at org.apache.poi.openxml4j.opc.ZipPackage.<init>(ZipPackage.java:132)
at org.apache.poi.openxml4j.opc.OPCPackage.open(OPCPackage.java:319)
at org.apache.poi.ooxml.util.PackageHelper.open(PackageHelper.java:59)
at org.apache.poi.xssf.usermodel.XSSFWorkbook.<init>(XSSFWorkbook.java:290)
at org.apache.poi.xssf.usermodel.XSSFWorkbook.<init>(XSSFWorkbook.java:286)
at utilities.ExcelUtilities.getStringData(ExcelUtilities.java:22)
at testscript.SearchPageTest.verifyIfUserIsableToSearch(SearchPageTest.java:19)
at java.base/java.util.concurrent.Executors$RunnableAdapter.call(Executors.java:572)
at java.base/java.util.concurrent.FutureTask.run(FutureTask.java:317)
at java.base/java.util.concurrent.ThreadPoolExecutor.runWorker(ThreadPoolExecutor.java:1144)
at java.base/java.util.concurrent.ThreadPoolExecutor$Worker.run(ThreadPoolExecutor.java:642)
at java.base/java.lang.Thread.run(Thread.java:1575)
... Removed 11 stack frames]]>
    </failure>
  </testcase> <!-- verifyIfUserIsableToSearch -->
  <testcase classname="testscript.AddCategoryPageTest" name="verifyIfUserCanClickCancelButton" time="8.027"/>
  <testcase classname="testscript.AddCategoryPageTest" name="verifyIfUserCanSearchCategory" time="3.897"/>
</testsuite> <!-- chrometest -->
